2022-10-19 20:16:09 DEBUG InternalLoggerFactory:89 - Using Log4J as the default logging framework
2022-10-19 20:16:09 DEBUG ResourceLeakDetector:129 - -Dio.netty.leakDetection.level: simple
2022-10-19 20:16:09 DEBUG ResourceLeakDetector:130 - -Dio.netty.leakDetection.targetRecords: 4
2022-10-19 20:16:09 DEBUG ResourceLeakDetectorFactory:196 - Loaded default ResourceLeakDetector: io.netty.util.ResourceLeakDetector@64dafeed
2022-10-19 20:16:09 DEBUG PlatformDependent0:460 - -Dio.netty.noUnsafe: false
2022-10-19 20:16:09 DEBUG PlatformDependent0:954 - Java version: 16
2022-10-19 20:16:09 DEBUG PlatformDependent0:135 - sun.misc.Unsafe.theUnsafe: available
2022-10-19 20:16:09 DEBUG PlatformDependent0:159 - sun.misc.Unsafe.copyMemory: available
2022-10-19 20:16:09 DEBUG PlatformDependent0:202 - java.nio.Buffer.address: available
2022-10-19 20:16:09 DEBUG PlatformDependent0:285 - direct buffer constructor: unavailable: Reflective setAccessible(true) disabled
2022-10-19 20:16:09 DEBUG PlatformDependent0:350 - java.nio.Bits.unaligned: available, true
2022-10-19 20:16:09 DEBUG PlatformDependent0:417 - jdk.internal.misc.Unsafe.allocateUninitializedArray(int): unavailable: class io.netty.util.internal.PlatformDependent0$6 cannot access class jdk.internal.misc.Unsafe (in module java.base) because module java.base does not export jdk.internal.misc to unnamed module @77468bd9
2022-10-19 20:16:09 DEBUG PlatformDependent0:446 - java.nio.DirectByteBuffer.<init>(long, int): unavailable
2022-10-19 20:16:09 DEBUG PlatformDependent:1116 - sun.misc.Unsafe: available
2022-10-19 20:16:09 DEBUG PlatformDependent:1218 - maxDirectMemory: 2109734912 bytes (maybe)
2022-10-19 20:16:09 DEBUG PlatformDependent:1237 - -Dio.netty.tmpdir: C:\Users\Nithin\AppData\Local\Temp (java.io.tmpdir)
2022-10-19 20:16:09 DEBUG PlatformDependent:1316 - -Dio.netty.bitMode: 64 (sun.arch.data.model)
2022-10-19 20:16:09 DEBUG PlatformDependent:1076 - Platform: Windows
2022-10-19 20:16:09 DEBUG PlatformDependent:178 - -Dio.netty.maxDirectMemory: -1 bytes
2022-10-19 20:16:09 DEBUG PlatformDependent:185 - -Dio.netty.uninitializedArrayAllocationThreshold: -1
2022-10-19 20:16:09 DEBUG CleanerJava9:71 - java.nio.ByteBuffer.cleaner(): available
2022-10-19 20:16:09 DEBUG PlatformDependent:205 - -Dio.netty.noPreferDirect: false
2022-10-19 20:16:09 DEBUG PlatformDependent:967 - org.jctools-core.MpscChunkedArrayQueue: available
2022-10-19 20:16:09 DEBUG InternalThreadLocalMap:86 - -Dio.netty.threadLocalMap.stringBuilder.initialSize: 1024
2022-10-19 20:16:09 DEBUG InternalThreadLocalMap:89 - -Dio.netty.threadLocalMap.stringBuilder.maxSize: 4096
2022-10-19 20:16:09 DEBUG JdkSslContext:97 - Default protocols (JDK): [TLSv1.3, TLSv1.2] 
2022-10-19 20:16:09 DEBUG JdkSslContext:98 - Default cipher suites (JDK): [TLS_ECDHE_ECDSA_WITH_AES_256_GCM_SHA384, TLS_ECDHE_ECDSA_WITH_AES_128_GCM_SHA256, TLS_ECDHE_RSA_WITH_AES_128_GCM_SHA256, TLS_ECDHE_RSA_WITH_AES_256_GCM_SHA384, TLS_ECDHE_RSA_WITH_AES_128_CBC_SHA, TLS_ECDHE_RSA_WITH_AES_256_CBC_SHA, TLS_RSA_WITH_AES_128_GCM_SHA256, TLS_RSA_WITH_AES_128_CBC_SHA, TLS_RSA_WITH_AES_256_CBC_SHA, TLS_AES_128_GCM_SHA256, TLS_AES_256_GCM_SHA384]
2022-10-19 20:16:09 DEBUG MultithreadEventLoopGroup:44 - -Dio.netty.eventLoopThreads: 16
2022-10-19 20:16:09 DEBUG NioEventLoop:109 - -Dio.netty.noKeySetOptimization: false
2022-10-19 20:16:09 DEBUG NioEventLoop:110 - -Dio.netty.selectorAutoRebuildThreshold: 512
2022-10-19 20:16:09 DEBUG PooledByteBufAllocator:155 - -Dio.netty.allocator.numHeapArenas: 16
2022-10-19 20:16:09 DEBUG PooledByteBufAllocator:156 - -Dio.netty.allocator.numDirectArenas: 16
2022-10-19 20:16:09 DEBUG PooledByteBufAllocator:158 - -Dio.netty.allocator.pageSize: 8192
2022-10-19 20:16:09 DEBUG PooledByteBufAllocator:163 - -Dio.netty.allocator.maxOrder: 11
2022-10-19 20:16:09 DEBUG PooledByteBufAllocator:167 - -Dio.netty.allocator.chunkSize: 16777216
2022-10-19 20:16:09 DEBUG PooledByteBufAllocator:168 - -Dio.netty.allocator.smallCacheSize: 256
2022-10-19 20:16:09 DEBUG PooledByteBufAllocator:169 - -Dio.netty.allocator.normalCacheSize: 64
2022-10-19 20:16:09 DEBUG PooledByteBufAllocator:170 - -Dio.netty.allocator.maxCachedBufferCapacity: 32768
2022-10-19 20:16:09 DEBUG PooledByteBufAllocator:171 - -Dio.netty.allocator.cacheTrimInterval: 8192
2022-10-19 20:16:09 DEBUG PooledByteBufAllocator:172 - -Dio.netty.allocator.cacheTrimIntervalMillis: 0
2022-10-19 20:16:09 DEBUG PooledByteBufAllocator:173 - -Dio.netty.allocator.useCacheForAllThreads: true
2022-10-19 20:16:09 DEBUG PooledByteBufAllocator:174 - -Dio.netty.allocator.maxCachedByteBuffersPerChunk: 1023
2022-10-19 20:16:09 DEBUG ByteBufUtil:87 - -Dio.netty.allocator.type: pooled
2022-10-19 20:16:09 DEBUG ByteBufUtil:96 - -Dio.netty.threadLocalDirectBufferSize: 0
2022-10-19 20:16:09 DEBUG ByteBufUtil:99 - -Dio.netty.maxThreadLocalCharBufferSize: 16384
2022-10-19 20:16:10 DEBUG DefaultChannelId:79 - -Dio.netty.processId: 7184 (auto-detected)
2022-10-19 20:16:10 DEBUG NetUtil:135 - -Djava.net.preferIPv4Stack: false
2022-10-19 20:16:10 DEBUG NetUtil:136 - -Djava.net.preferIPv6Addresses: false
2022-10-19 20:16:10 DEBUG NetUtilInitializations:129 - Loopback interface: lo (Software Loopback Interface 1, 127.0.0.1)
2022-10-19 20:16:10 DEBUG NetUtil:187 - Failed to get SOMAXCONN from sysctl and file \proc\sys\net\core\somaxconn. Default: 200
2022-10-19 20:16:10 DEBUG DefaultChannelId:101 - -Dio.netty.machineId: 80:91:33:ff:fe:67:4a:81 (auto-detected)
2022-10-19 20:16:10 DEBUG AbstractByteBuf:63 - -Dio.netty.buffer.checkAccessible: true
2022-10-19 20:16:10 DEBUG AbstractByteBuf:64 - -Dio.netty.buffer.checkBounds: true
2022-10-19 20:16:10 DEBUG ResourceLeakDetectorFactory:196 - Loaded default ResourceLeakDetector: io.netty.util.ResourceLeakDetector@3f74cbc9
2022-10-19 20:16:10 DEBUG Recycler:85 - -Dio.netty.recycler.maxCapacityPerThread: 4096
2022-10-19 20:16:10 DEBUG Recycler:86 - -Dio.netty.recycler.ratio: 8
2022-10-19 20:16:10 DEBUG Recycler:87 - -Dio.netty.recycler.chunkSize: 32
2022-10-19 20:16:10 DEBUG Recycler:88 - -Dio.netty.recycler.blocking: false
2022-10-19 20:16:11 DEBUG Brotli:38 - brotli4j not in the classpath; Brotli support will be unavailable.
2022-10-19 20:16:11 DEBUG ThreadLocalRandom:214 - -Dio.netty.initialSeedUniquifier: 0x0b636a6392d26c5e
2022-10-19 20:16:14 INFO  Log:10 - =====================================UserLoginToPayRoll TEST START=========================================
2022-10-19 20:16:15 INFO  Log:21 - Going to EnterUsername and Password
2022-10-19 20:16:15 INFO  Log:21 - Entered Username and Password
2022-10-19 20:16:15 INFO  Log:14 - =====================================ValidateUserLoginSuccess TEST END=========================================
2022-10-19 20:20:47 DEBUG InternalLoggerFactory:89 - Using Log4J as the default logging framework
2022-10-19 20:20:47 DEBUG ResourceLeakDetector:129 - -Dio.netty.leakDetection.level: simple
2022-10-19 20:20:47 DEBUG ResourceLeakDetector:130 - -Dio.netty.leakDetection.targetRecords: 4
2022-10-19 20:20:47 DEBUG ResourceLeakDetectorFactory:196 - Loaded default ResourceLeakDetector: io.netty.util.ResourceLeakDetector@7894f09b
2022-10-19 20:20:47 DEBUG PlatformDependent0:460 - -Dio.netty.noUnsafe: false
2022-10-19 20:20:47 DEBUG PlatformDependent0:954 - Java version: 16
2022-10-19 20:20:47 DEBUG PlatformDependent0:135 - sun.misc.Unsafe.theUnsafe: available
2022-10-19 20:20:47 DEBUG PlatformDependent0:159 - sun.misc.Unsafe.copyMemory: available
2022-10-19 20:20:47 DEBUG PlatformDependent0:202 - java.nio.Buffer.address: available
2022-10-19 20:20:47 DEBUG PlatformDependent0:285 - direct buffer constructor: unavailable: Reflective setAccessible(true) disabled
2022-10-19 20:20:47 DEBUG PlatformDependent0:350 - java.nio.Bits.unaligned: available, true
2022-10-19 20:20:47 DEBUG PlatformDependent0:417 - jdk.internal.misc.Unsafe.allocateUninitializedArray(int): unavailable: class io.netty.util.internal.PlatformDependent0$6 cannot access class jdk.internal.misc.Unsafe (in module java.base) because module java.base does not export jdk.internal.misc to unnamed module @77468bd9
2022-10-19 20:20:47 DEBUG PlatformDependent0:446 - java.nio.DirectByteBuffer.<init>(long, int): unavailable
2022-10-19 20:20:47 DEBUG PlatformDependent:1116 - sun.misc.Unsafe: available
2022-10-19 20:20:47 DEBUG PlatformDependent:1218 - maxDirectMemory: 2109734912 bytes (maybe)
2022-10-19 20:20:47 DEBUG PlatformDependent:1237 - -Dio.netty.tmpdir: C:\Users\Nithin\AppData\Local\Temp (java.io.tmpdir)
2022-10-19 20:20:47 DEBUG PlatformDependent:1316 - -Dio.netty.bitMode: 64 (sun.arch.data.model)
2022-10-19 20:20:47 DEBUG PlatformDependent:1076 - Platform: Windows
2022-10-19 20:20:47 DEBUG PlatformDependent:178 - -Dio.netty.maxDirectMemory: -1 bytes
2022-10-19 20:20:47 DEBUG PlatformDependent:185 - -Dio.netty.uninitializedArrayAllocationThreshold: -1
2022-10-19 20:20:47 DEBUG CleanerJava9:71 - java.nio.ByteBuffer.cleaner(): available
2022-10-19 20:20:47 DEBUG PlatformDependent:205 - -Dio.netty.noPreferDirect: false
2022-10-19 20:20:47 DEBUG PlatformDependent:967 - org.jctools-core.MpscChunkedArrayQueue: available
2022-10-19 20:20:47 DEBUG InternalThreadLocalMap:86 - -Dio.netty.threadLocalMap.stringBuilder.initialSize: 1024
2022-10-19 20:20:47 DEBUG InternalThreadLocalMap:89 - -Dio.netty.threadLocalMap.stringBuilder.maxSize: 4096
2022-10-19 20:20:47 DEBUG JdkSslContext:97 - Default protocols (JDK): [TLSv1.3, TLSv1.2] 
2022-10-19 20:20:47 DEBUG JdkSslContext:98 - Default cipher suites (JDK): [TLS_ECDHE_ECDSA_WITH_AES_256_GCM_SHA384, TLS_ECDHE_ECDSA_WITH_AES_128_GCM_SHA256, TLS_ECDHE_RSA_WITH_AES_128_GCM_SHA256, TLS_ECDHE_RSA_WITH_AES_256_GCM_SHA384, TLS_ECDHE_RSA_WITH_AES_128_CBC_SHA, TLS_ECDHE_RSA_WITH_AES_256_CBC_SHA, TLS_RSA_WITH_AES_128_GCM_SHA256, TLS_RSA_WITH_AES_128_CBC_SHA, TLS_RSA_WITH_AES_256_CBC_SHA, TLS_AES_128_GCM_SHA256, TLS_AES_256_GCM_SHA384]
2022-10-19 20:20:47 DEBUG MultithreadEventLoopGroup:44 - -Dio.netty.eventLoopThreads: 16
2022-10-19 20:20:47 DEBUG NioEventLoop:109 - -Dio.netty.noKeySetOptimization: false
2022-10-19 20:20:47 DEBUG NioEventLoop:110 - -Dio.netty.selectorAutoRebuildThreshold: 512
2022-10-19 20:20:47 DEBUG PooledByteBufAllocator:155 - -Dio.netty.allocator.numHeapArenas: 16
2022-10-19 20:20:47 DEBUG PooledByteBufAllocator:156 - -Dio.netty.allocator.numDirectArenas: 16
2022-10-19 20:20:47 DEBUG PooledByteBufAllocator:158 - -Dio.netty.allocator.pageSize: 8192
2022-10-19 20:20:47 DEBUG PooledByteBufAllocator:163 - -Dio.netty.allocator.maxOrder: 11
2022-10-19 20:20:47 DEBUG PooledByteBufAllocator:167 - -Dio.netty.allocator.chunkSize: 16777216
2022-10-19 20:20:47 DEBUG PooledByteBufAllocator:168 - -Dio.netty.allocator.smallCacheSize: 256
2022-10-19 20:20:47 DEBUG PooledByteBufAllocator:169 - -Dio.netty.allocator.normalCacheSize: 64
2022-10-19 20:20:47 DEBUG PooledByteBufAllocator:170 - -Dio.netty.allocator.maxCachedBufferCapacity: 32768
2022-10-19 20:20:47 DEBUG PooledByteBufAllocator:171 - -Dio.netty.allocator.cacheTrimInterval: 8192
2022-10-19 20:20:47 DEBUG PooledByteBufAllocator:172 - -Dio.netty.allocator.cacheTrimIntervalMillis: 0
2022-10-19 20:20:47 DEBUG PooledByteBufAllocator:173 - -Dio.netty.allocator.useCacheForAllThreads: true
2022-10-19 20:20:47 DEBUG PooledByteBufAllocator:174 - -Dio.netty.allocator.maxCachedByteBuffersPerChunk: 1023
2022-10-19 20:20:47 DEBUG ByteBufUtil:87 - -Dio.netty.allocator.type: pooled
2022-10-19 20:20:47 DEBUG ByteBufUtil:96 - -Dio.netty.threadLocalDirectBufferSize: 0
2022-10-19 20:20:47 DEBUG ByteBufUtil:99 - -Dio.netty.maxThreadLocalCharBufferSize: 16384
2022-10-19 20:20:48 DEBUG DefaultChannelId:79 - -Dio.netty.processId: 10992 (auto-detected)
2022-10-19 20:20:48 DEBUG NetUtil:135 - -Djava.net.preferIPv4Stack: false
2022-10-19 20:20:48 DEBUG NetUtil:136 - -Djava.net.preferIPv6Addresses: false
2022-10-19 20:20:48 DEBUG NetUtilInitializations:129 - Loopback interface: lo (Software Loopback Interface 1, 127.0.0.1)
2022-10-19 20:20:48 DEBUG NetUtil:187 - Failed to get SOMAXCONN from sysctl and file \proc\sys\net\core\somaxconn. Default: 200
2022-10-19 20:20:48 DEBUG DefaultChannelId:101 - -Dio.netty.machineId: 80:91:33:ff:fe:67:4a:81 (auto-detected)
2022-10-19 20:20:48 DEBUG AbstractByteBuf:63 - -Dio.netty.buffer.checkAccessible: true
2022-10-19 20:20:48 DEBUG AbstractByteBuf:64 - -Dio.netty.buffer.checkBounds: true
2022-10-19 20:20:48 DEBUG ResourceLeakDetectorFactory:196 - Loaded default ResourceLeakDetector: io.netty.util.ResourceLeakDetector@3982835b
2022-10-19 20:20:48 DEBUG Recycler:85 - -Dio.netty.recycler.maxCapacityPerThread: 4096
2022-10-19 20:20:48 DEBUG Recycler:86 - -Dio.netty.recycler.ratio: 8
2022-10-19 20:20:48 DEBUG Recycler:87 - -Dio.netty.recycler.chunkSize: 32
2022-10-19 20:20:48 DEBUG Recycler:88 - -Dio.netty.recycler.blocking: false
2022-10-19 20:20:49 DEBUG Brotli:38 - brotli4j not in the classpath; Brotli support will be unavailable.
2022-10-19 20:20:49 DEBUG ThreadLocalRandom:214 - -Dio.netty.initialSeedUniquifier: 0x7c462fb607ec1e5d
2022-10-19 20:20:53 INFO  Log:10 - =====================================UserLoginToPayRoll TEST START=========================================
2022-10-19 20:20:53 INFO  Log:21 - Going to EnterUsername and Password
2022-10-19 20:20:54 INFO  Log:21 - Entered Username and Password
2022-10-19 20:20:54 INFO  Log:14 - =====================================ValidateUserLoginSuccess TEST END=========================================
2022-10-19 20:33:26 DEBUG InternalLoggerFactory:89 - Using Log4J as the default logging framework
2022-10-19 20:33:26 DEBUG ResourceLeakDetector:129 - -Dio.netty.leakDetection.level: simple
2022-10-19 20:33:26 DEBUG ResourceLeakDetector:130 - -Dio.netty.leakDetection.targetRecords: 4
2022-10-19 20:33:26 DEBUG ResourceLeakDetectorFactory:196 - Loaded default ResourceLeakDetector: io.netty.util.ResourceLeakDetector@89ff02e
2022-10-19 20:33:26 DEBUG PlatformDependent0:460 - -Dio.netty.noUnsafe: false
2022-10-19 20:33:26 DEBUG PlatformDependent0:954 - Java version: 16
2022-10-19 20:33:26 DEBUG PlatformDependent0:135 - sun.misc.Unsafe.theUnsafe: available
2022-10-19 20:33:26 DEBUG PlatformDependent0:159 - sun.misc.Unsafe.copyMemory: available
2022-10-19 20:33:26 DEBUG PlatformDependent0:202 - java.nio.Buffer.address: available
2022-10-19 20:33:26 DEBUG PlatformDependent0:285 - direct buffer constructor: unavailable: Reflective setAccessible(true) disabled
2022-10-19 20:33:26 DEBUG PlatformDependent0:350 - java.nio.Bits.unaligned: available, true
2022-10-19 20:33:26 DEBUG PlatformDependent0:417 - jdk.internal.misc.Unsafe.allocateUninitializedArray(int): unavailable: class io.netty.util.internal.PlatformDependent0$6 cannot access class jdk.internal.misc.Unsafe (in module java.base) because module java.base does not export jdk.internal.misc to unnamed module @77468bd9
2022-10-19 20:33:26 DEBUG PlatformDependent0:446 - java.nio.DirectByteBuffer.<init>(long, int): unavailable
2022-10-19 20:33:26 DEBUG PlatformDependent:1116 - sun.misc.Unsafe: available
2022-10-19 20:33:26 DEBUG PlatformDependent:1218 - maxDirectMemory: 2109734912 bytes (maybe)
2022-10-19 20:33:26 DEBUG PlatformDependent:1237 - -Dio.netty.tmpdir: C:\Users\Nithin\AppData\Local\Temp (java.io.tmpdir)
2022-10-19 20:33:26 DEBUG PlatformDependent:1316 - -Dio.netty.bitMode: 64 (sun.arch.data.model)
2022-10-19 20:33:26 DEBUG PlatformDependent:1076 - Platform: Windows
2022-10-19 20:33:26 DEBUG PlatformDependent:178 - -Dio.netty.maxDirectMemory: -1 bytes
2022-10-19 20:33:26 DEBUG PlatformDependent:185 - -Dio.netty.uninitializedArrayAllocationThreshold: -1
2022-10-19 20:33:26 DEBUG CleanerJava9:71 - java.nio.ByteBuffer.cleaner(): available
2022-10-19 20:33:26 DEBUG PlatformDependent:205 - -Dio.netty.noPreferDirect: false
2022-10-19 20:33:26 DEBUG PlatformDependent:967 - org.jctools-core.MpscChunkedArrayQueue: available
2022-10-19 20:33:26 DEBUG InternalThreadLocalMap:86 - -Dio.netty.threadLocalMap.stringBuilder.initialSize: 1024
2022-10-19 20:33:26 DEBUG InternalThreadLocalMap:89 - -Dio.netty.threadLocalMap.stringBuilder.maxSize: 4096
2022-10-19 20:33:26 DEBUG JdkSslContext:97 - Default protocols (JDK): [TLSv1.3, TLSv1.2] 
2022-10-19 20:33:26 DEBUG JdkSslContext:98 - Default cipher suites (JDK): [TLS_ECDHE_ECDSA_WITH_AES_256_GCM_SHA384, TLS_ECDHE_ECDSA_WITH_AES_128_GCM_SHA256, TLS_ECDHE_RSA_WITH_AES_128_GCM_SHA256, TLS_ECDHE_RSA_WITH_AES_256_GCM_SHA384, TLS_ECDHE_RSA_WITH_AES_128_CBC_SHA, TLS_ECDHE_RSA_WITH_AES_256_CBC_SHA, TLS_RSA_WITH_AES_128_GCM_SHA256, TLS_RSA_WITH_AES_128_CBC_SHA, TLS_RSA_WITH_AES_256_CBC_SHA, TLS_AES_128_GCM_SHA256, TLS_AES_256_GCM_SHA384]
2022-10-19 20:33:26 DEBUG MultithreadEventLoopGroup:44 - -Dio.netty.eventLoopThreads: 16
2022-10-19 20:33:26 DEBUG NioEventLoop:109 - -Dio.netty.noKeySetOptimization: false
2022-10-19 20:33:26 DEBUG NioEventLoop:110 - -Dio.netty.selectorAutoRebuildThreshold: 512
2022-10-19 20:33:26 DEBUG PooledByteBufAllocator:155 - -Dio.netty.allocator.numHeapArenas: 16
2022-10-19 20:33:26 DEBUG PooledByteBufAllocator:156 - -Dio.netty.allocator.numDirectArenas: 16
2022-10-19 20:33:26 DEBUG PooledByteBufAllocator:158 - -Dio.netty.allocator.pageSize: 8192
2022-10-19 20:33:26 DEBUG PooledByteBufAllocator:163 - -Dio.netty.allocator.maxOrder: 11
2022-10-19 20:33:26 DEBUG PooledByteBufAllocator:167 - -Dio.netty.allocator.chunkSize: 16777216
2022-10-19 20:33:26 DEBUG PooledByteBufAllocator:168 - -Dio.netty.allocator.smallCacheSize: 256
2022-10-19 20:33:26 DEBUG PooledByteBufAllocator:169 - -Dio.netty.allocator.normalCacheSize: 64
2022-10-19 20:33:26 DEBUG PooledByteBufAllocator:170 - -Dio.netty.allocator.maxCachedBufferCapacity: 32768
2022-10-19 20:33:26 DEBUG PooledByteBufAllocator:171 - -Dio.netty.allocator.cacheTrimInterval: 8192
2022-10-19 20:33:26 DEBUG PooledByteBufAllocator:172 - -Dio.netty.allocator.cacheTrimIntervalMillis: 0
2022-10-19 20:33:26 DEBUG PooledByteBufAllocator:173 - -Dio.netty.allocator.useCacheForAllThreads: true
2022-10-19 20:33:26 DEBUG PooledByteBufAllocator:174 - -Dio.netty.allocator.maxCachedByteBuffersPerChunk: 1023
2022-10-19 20:33:26 DEBUG ByteBufUtil:87 - -Dio.netty.allocator.type: pooled
2022-10-19 20:33:26 DEBUG ByteBufUtil:96 - -Dio.netty.threadLocalDirectBufferSize: 0
2022-10-19 20:33:26 DEBUG ByteBufUtil:99 - -Dio.netty.maxThreadLocalCharBufferSize: 16384
2022-10-19 20:33:26 DEBUG DefaultChannelId:79 - -Dio.netty.processId: 13652 (auto-detected)
2022-10-19 20:33:26 DEBUG NetUtil:135 - -Djava.net.preferIPv4Stack: false
2022-10-19 20:33:26 DEBUG NetUtil:136 - -Djava.net.preferIPv6Addresses: false
2022-10-19 20:33:26 DEBUG NetUtilInitializations:129 - Loopback interface: lo (Software Loopback Interface 1, 127.0.0.1)
2022-10-19 20:33:26 DEBUG NetUtil:187 - Failed to get SOMAXCONN from sysctl and file \proc\sys\net\core\somaxconn. Default: 200
2022-10-19 20:33:26 DEBUG DefaultChannelId:101 - -Dio.netty.machineId: 80:91:33:ff:fe:67:4a:81 (auto-detected)
2022-10-19 20:33:26 DEBUG AbstractByteBuf:63 - -Dio.netty.buffer.checkAccessible: true
2022-10-19 20:33:26 DEBUG AbstractByteBuf:64 - -Dio.netty.buffer.checkBounds: true
2022-10-19 20:33:26 DEBUG ResourceLeakDetectorFactory:196 - Loaded default ResourceLeakDetector: io.netty.util.ResourceLeakDetector@11b6aefb
2022-10-19 20:33:26 DEBUG Recycler:85 - -Dio.netty.recycler.maxCapacityPerThread: 4096
2022-10-19 20:33:26 DEBUG Recycler:86 - -Dio.netty.recycler.ratio: 8
2022-10-19 20:33:26 DEBUG Recycler:87 - -Dio.netty.recycler.chunkSize: 32
2022-10-19 20:33:26 DEBUG Recycler:88 - -Dio.netty.recycler.blocking: false
2022-10-19 20:33:27 DEBUG Brotli:38 - brotli4j not in the classpath; Brotli support will be unavailable.
2022-10-19 20:33:27 DEBUG ThreadLocalRandom:214 - -Dio.netty.initialSeedUniquifier: 0x0166871506f64b51
2022-10-19 20:33:30 INFO  Log:10 - =====================================UserLoginToPayRoll TEST START=========================================
2022-10-19 20:33:30 INFO  Log:21 - Going to EnterUsername and Password
2022-10-19 20:33:30 INFO  Log:21 - Entered Username and Password
2022-10-19 20:33:30 INFO  Log:14 - =====================================ValidateUserLoginSuccess TEST END=========================================
2022-10-19 20:35:54 DEBUG InternalLoggerFactory:89 - Using Log4J as the default logging framework
2022-10-19 20:35:54 DEBUG ResourceLeakDetector:129 - -Dio.netty.leakDetection.level: simple
2022-10-19 20:35:54 DEBUG ResourceLeakDetector:130 - -Dio.netty.leakDetection.targetRecords: 4
2022-10-19 20:35:54 DEBUG ResourceLeakDetectorFactory:196 - Loaded default ResourceLeakDetector: io.netty.util.ResourceLeakDetector@3e2822
2022-10-19 20:35:54 DEBUG PlatformDependent0:460 - -Dio.netty.noUnsafe: false
2022-10-19 20:35:54 DEBUG PlatformDependent0:954 - Java version: 16
2022-10-19 20:35:54 DEBUG PlatformDependent0:135 - sun.misc.Unsafe.theUnsafe: available
2022-10-19 20:35:54 DEBUG PlatformDependent0:159 - sun.misc.Unsafe.copyMemory: available
2022-10-19 20:35:54 DEBUG PlatformDependent0:202 - java.nio.Buffer.address: available
2022-10-19 20:35:54 DEBUG PlatformDependent0:285 - direct buffer constructor: unavailable: Reflective setAccessible(true) disabled
2022-10-19 20:35:54 DEBUG PlatformDependent0:350 - java.nio.Bits.unaligned: available, true
2022-10-19 20:35:54 DEBUG PlatformDependent0:417 - jdk.internal.misc.Unsafe.allocateUninitializedArray(int): unavailable: class io.netty.util.internal.PlatformDependent0$6 cannot access class jdk.internal.misc.Unsafe (in module java.base) because module java.base does not export jdk.internal.misc to unnamed module @77468bd9
2022-10-19 20:35:54 DEBUG PlatformDependent0:446 - java.nio.DirectByteBuffer.<init>(long, int): unavailable
2022-10-19 20:35:54 DEBUG PlatformDependent:1116 - sun.misc.Unsafe: available
2022-10-19 20:35:54 DEBUG PlatformDependent:1218 - maxDirectMemory: 2109734912 bytes (maybe)
2022-10-19 20:35:54 DEBUG PlatformDependent:1237 - -Dio.netty.tmpdir: C:\Users\Nithin\AppData\Local\Temp (java.io.tmpdir)
2022-10-19 20:35:54 DEBUG PlatformDependent:1316 - -Dio.netty.bitMode: 64 (sun.arch.data.model)
2022-10-19 20:35:54 DEBUG PlatformDependent:1076 - Platform: Windows
2022-10-19 20:35:54 DEBUG PlatformDependent:178 - -Dio.netty.maxDirectMemory: -1 bytes
2022-10-19 20:35:54 DEBUG PlatformDependent:185 - -Dio.netty.uninitializedArrayAllocationThreshold: -1
2022-10-19 20:35:54 DEBUG CleanerJava9:71 - java.nio.ByteBuffer.cleaner(): available
2022-10-19 20:35:54 DEBUG PlatformDependent:205 - -Dio.netty.noPreferDirect: false
2022-10-19 20:35:54 DEBUG PlatformDependent:967 - org.jctools-core.MpscChunkedArrayQueue: available
2022-10-19 20:35:54 DEBUG InternalThreadLocalMap:86 - -Dio.netty.threadLocalMap.stringBuilder.initialSize: 1024
2022-10-19 20:35:54 DEBUG InternalThreadLocalMap:89 - -Dio.netty.threadLocalMap.stringBuilder.maxSize: 4096
2022-10-19 20:35:54 DEBUG JdkSslContext:97 - Default protocols (JDK): [TLSv1.3, TLSv1.2] 
2022-10-19 20:35:54 DEBUG JdkSslContext:98 - Default cipher suites (JDK): [TLS_ECDHE_ECDSA_WITH_AES_256_GCM_SHA384, TLS_ECDHE_ECDSA_WITH_AES_128_GCM_SHA256, TLS_ECDHE_RSA_WITH_AES_128_GCM_SHA256, TLS_ECDHE_RSA_WITH_AES_256_GCM_SHA384, TLS_ECDHE_RSA_WITH_AES_128_CBC_SHA, TLS_ECDHE_RSA_WITH_AES_256_CBC_SHA, TLS_RSA_WITH_AES_128_GCM_SHA256, TLS_RSA_WITH_AES_128_CBC_SHA, TLS_RSA_WITH_AES_256_CBC_SHA, TLS_AES_128_GCM_SHA256, TLS_AES_256_GCM_SHA384]
2022-10-19 20:35:54 DEBUG MultithreadEventLoopGroup:44 - -Dio.netty.eventLoopThreads: 16
2022-10-19 20:35:54 DEBUG NioEventLoop:109 - -Dio.netty.noKeySetOptimization: false
2022-10-19 20:35:54 DEBUG NioEventLoop:110 - -Dio.netty.selectorAutoRebuildThreshold: 512
2022-10-19 20:35:54 DEBUG PooledByteBufAllocator:155 - -Dio.netty.allocator.numHeapArenas: 16
2022-10-19 20:35:54 DEBUG PooledByteBufAllocator:156 - -Dio.netty.allocator.numDirectArenas: 16
2022-10-19 20:35:54 DEBUG PooledByteBufAllocator:158 - -Dio.netty.allocator.pageSize: 8192
2022-10-19 20:35:54 DEBUG PooledByteBufAllocator:163 - -Dio.netty.allocator.maxOrder: 11
2022-10-19 20:35:54 DEBUG PooledByteBufAllocator:167 - -Dio.netty.allocator.chunkSize: 16777216
2022-10-19 20:35:54 DEBUG PooledByteBufAllocator:168 - -Dio.netty.allocator.smallCacheSize: 256
2022-10-19 20:35:54 DEBUG PooledByteBufAllocator:169 - -Dio.netty.allocator.normalCacheSize: 64
2022-10-19 20:35:54 DEBUG PooledByteBufAllocator:170 - -Dio.netty.allocator.maxCachedBufferCapacity: 32768
2022-10-19 20:35:54 DEBUG PooledByteBufAllocator:171 - -Dio.netty.allocator.cacheTrimInterval: 8192
2022-10-19 20:35:54 DEBUG PooledByteBufAllocator:172 - -Dio.netty.allocator.cacheTrimIntervalMillis: 0
2022-10-19 20:35:54 DEBUG PooledByteBufAllocator:173 - -Dio.netty.allocator.useCacheForAllThreads: true
2022-10-19 20:35:54 DEBUG PooledByteBufAllocator:174 - -Dio.netty.allocator.maxCachedByteBuffersPerChunk: 1023
2022-10-19 20:35:54 DEBUG ByteBufUtil:87 - -Dio.netty.allocator.type: pooled
2022-10-19 20:35:54 DEBUG ByteBufUtil:96 - -Dio.netty.threadLocalDirectBufferSize: 0
2022-10-19 20:35:54 DEBUG ByteBufUtil:99 - -Dio.netty.maxThreadLocalCharBufferSize: 16384
2022-10-19 20:35:55 DEBUG DefaultChannelId:79 - -Dio.netty.processId: 12540 (auto-detected)
2022-10-19 20:35:55 DEBUG NetUtil:135 - -Djava.net.preferIPv4Stack: false
2022-10-19 20:35:55 DEBUG NetUtil:136 - -Djava.net.preferIPv6Addresses: false
2022-10-19 20:35:55 DEBUG NetUtilInitializations:129 - Loopback interface: lo (Software Loopback Interface 1, 127.0.0.1)
2022-10-19 20:35:55 DEBUG NetUtil:187 - Failed to get SOMAXCONN from sysctl and file \proc\sys\net\core\somaxconn. Default: 200
2022-10-19 20:35:55 DEBUG DefaultChannelId:101 - -Dio.netty.machineId: 80:91:33:ff:fe:67:4a:81 (auto-detected)
2022-10-19 20:35:55 DEBUG AbstractByteBuf:63 - -Dio.netty.buffer.checkAccessible: true
2022-10-19 20:35:55 DEBUG AbstractByteBuf:64 - -Dio.netty.buffer.checkBounds: true
2022-10-19 20:35:55 DEBUG ResourceLeakDetectorFactory:196 - Loaded default ResourceLeakDetector: io.netty.util.ResourceLeakDetector@11b6aefb
2022-10-19 20:35:55 DEBUG Recycler:85 - -Dio.netty.recycler.maxCapacityPerThread: 4096
2022-10-19 20:35:55 DEBUG Recycler:86 - -Dio.netty.recycler.ratio: 8
2022-10-19 20:35:55 DEBUG Recycler:87 - -Dio.netty.recycler.chunkSize: 32
2022-10-19 20:35:55 DEBUG Recycler:88 - -Dio.netty.recycler.blocking: false
2022-10-19 20:35:55 DEBUG Brotli:38 - brotli4j not in the classpath; Brotli support will be unavailable.
2022-10-19 20:35:55 DEBUG ThreadLocalRandom:214 - -Dio.netty.initialSeedUniquifier: 0x544f1b8a56d0da54
2022-10-19 20:35:58 INFO  Log:10 - =====================================UserLoginToPayRoll TEST START=========================================
2022-10-19 20:35:58 INFO  Log:21 - Going to EnterUsername and Password
2022-10-19 20:35:59 INFO  Log:21 - Entered Username and Password
2022-10-19 20:35:59 INFO  Log:14 - =====================================ValidateUserLoginSuccess TEST END=========================================
